=== INICIO TAREA ARRAY ID: 1 (Semilla: ) ===
[INFO] Each process pre-generates its chunk, then master gathers...mpi_dynamic,10000,10000,8,174.795,27165.6,27340.4
=== FIN TAREA ARRAY ID: 1 ===
=== INICIO TAREA ARRAY ID: 2 (Semilla: ) ===
[INFO] Each process pre-generates its chunk, then master gathers...mpi_dynamic,10000,10000,8,174.596,27168.4,27343
=== FIN TAREA ARRAY ID: 2 ===
=== INICIO TAREA ARRAY ID: 3 (Semilla: ) ===
[INFO] Each process pre-generates its chunk, then master gathers...mpi_dynamic,10000,10000,8,174.581,27157.4,27332
=== FIN TAREA ARRAY ID: 3 ===
=== INICIO TAREA ARRAY ID: 4 (Semilla: ) ===
[INFO] Each process pre-generates its chunk, then master gathers...mpi_dynamic,10000,10000,8,174.683,27167,27341.7
=== FIN TAREA ARRAY ID: 4 ===
=== INICIO TAREA ARRAY ID: 5 (Semilla: ) ===
[INFO] Each process pre-generates its chunk, then master gathers...mpi_dynamic,10000,10000,8,174.5,27157.4,27331.9
=== FIN TAREA ARRAY ID: 5 ===
=== INICIO TAREA ARRAY ID: 1 (Semilla: ) ===
=== INICIO TAREA ARRAY ID: 2 (Semilla: ) ===
[INFO] Each process pre-generates its chunk, then master gathers...mpi_dynamic,10000,10000,8,174.585,27774.1,27948.7
=== FIN TAREA ARRAY ID: 1 ===
=== INICIO TAREA ARRAY ID: 3 (Semilla: ) ===
[INFO] Each process pre-generates its chunk, then master gathers...mpi_dynamic,10000,10000,8,179.181,27781.8,27961
=== FIN TAREA ARRAY ID: 2 ===
=== INICIO TAREA ARRAY ID: 4 (Semilla: ) ===
[INFO] Each process pre-generates its chunk, then master gathers...mpi_dynamic,10000,10000,8,174.633,27775.7,27950.3
=== FIN TAREA ARRAY ID: 3 ===
=== INICIO TAREA ARRAY ID: 5 (Semilla: ) ===
[INFO] Each process pre-generates its chunk, then master gathers...mpi_dynamic,10000,10000,8,179.285,27779.3,27958.6
=== FIN TAREA ARRAY ID: 4 ===
[INFO] Each process pre-generates its chunk, then master gathers...mpi_dynamic,10000,10000,8,174.799,27773.5,27948.3
=== FIN TAREA ARRAY ID: 5 ===
