=== INICIO TAREA ARRAY ID: 1 (Semilla: ) ===
[INFO] Each process pre-generates its chunk, then master gathers...mpi_dynamic,10000,10000,4,348.813,64731.1,65079.9
=== FIN TAREA ARRAY ID: 1 ===
=== INICIO TAREA ARRAY ID: 2 (Semilla: ) ===
[INFO] Each process pre-generates its chunk, then master gathers...mpi_dynamic,10000,10000,4,349.013,64732.5,65081.5
=== FIN TAREA ARRAY ID: 2 ===
=== INICIO TAREA ARRAY ID: 3 (Semilla: ) ===
=== INICIO TAREA ARRAY ID: 4 (Semilla: ) ===
[INFO] Each process pre-generates its chunk, then master gathers...mpi_dynamic,10000,10000,4,349.406,64747.9,65097.3
=== FIN TAREA ARRAY ID: 3 ===
=== INICIO TAREA ARRAY ID: 5 (Semilla: ) ===
[INFO] Each process pre-generates its chunk, then master gathers...mpi_dynamic,10000,10000,4,350.217,61535.8,61886
=== FIN TAREA ARRAY ID: 4 ===
[INFO] Each process pre-generates its chunk, then master gathers...mpi_dynamic,10000,10000,4,353.81,63793,64146.8
=== FIN TAREA ARRAY ID: 5 ===
=== INICIO TAREA ARRAY ID: 1 (Semilla: ) ===
=== INICIO TAREA ARRAY ID: 2 (Semilla: ) ===
=== INICIO TAREA ARRAY ID: 3 (Semilla: ) ===
=== INICIO TAREA ARRAY ID: 4 (Semilla: ) ===
[INFO] Each process pre-generates its chunk, then master gathers...mpi_dynamic,10000,10000,4,349.248,64700.7,65050
=== FIN TAREA ARRAY ID: 1 ===
=== INICIO TAREA ARRAY ID: 5 (Semilla: ) ===
[INFO] Each process pre-generates its chunk, then master gathers...mpi_dynamic,10000,10000,4,369.973,64746,65116
=== FIN TAREA ARRAY ID: 2 ===
[INFO] Each process pre-generates its chunk, then master gathers...mpi_dynamic,10000,10000,4,350.265,64711.6,65061.9
[INFO] Each process pre-generates its chunk, then master gathers...mpi_dynamic,10000,10000,4,349.532,64709.4,65058.9
=== FIN TAREA ARRAY ID: 4 ===
=== FIN TAREA ARRAY ID: 3 ===
[INFO] Each process pre-generates its chunk, then master gathers...mpi_dynamic,10000,10000,4,348.878,64704.3,65053.2
=== FIN TAREA ARRAY ID: 5 ===
