=== INICIO TAREA ARRAY ID: 1 (Semilla: ) ===
[INFO] Each process pre-generates its chunk, then master gathers...mpi_dynamic,10000,10000,4,348.945,64684.3,65033.3
=== FIN TAREA ARRAY ID: 1 ===
=== INICIO TAREA ARRAY ID: 2 (Semilla: ) ===
[INFO] Each process pre-generates its chunk, then master gathers...mpi_dynamic,10000,10000,4,349.599,64689.7,65039.3
=== FIN TAREA ARRAY ID: 2 ===
=== INICIO TAREA ARRAY ID: 3 (Semilla: ) ===
=== INICIO TAREA ARRAY ID: 4 (Semilla: ) ===
[INFO] Each process pre-generates its chunk, then master gathers...mpi_dynamic,10000,10000,4,354.01,64720.4,65074.4
=== FIN TAREA ARRAY ID: 3 ===
=== INICIO TAREA ARRAY ID: 5 (Semilla: ) ===
[INFO] Each process pre-generates its chunk, then master gathers...mpi_dynamic,10000,10000,4,349,61600.1,61949.1
=== FIN TAREA ARRAY ID: 4 ===
[INFO] Each process pre-generates its chunk, then master gathers...mpi_dynamic,10000,10000,4,349.187,63804,64153.2
=== FIN TAREA ARRAY ID: 5 ===
=== INICIO TAREA ARRAY ID: 1 (Semilla: ) ===
=== INICIO TAREA ARRAY ID: 2 (Semilla: ) ===
[INFO] Each process pre-generates its chunk, then master gathers...mpi_dynamic,10000,10000,4,349.606,64669.7,65019.3
=== FIN TAREA ARRAY ID: 1 ===
=== INICIO TAREA ARRAY ID: 3 (Semilla: ) ===
=== INICIO TAREA ARRAY ID: 5 (Semilla: ) ===
=== INICIO TAREA ARRAY ID: 4 (Semilla: ) ===
[INFO] Each process pre-generates its chunk, then master gathers...mpi_dynamic,10000,10000,4,353.004,64660.6,65013.6
=== FIN TAREA ARRAY ID: 2 ===
[INFO] Each process pre-generates its chunk, then master gathers...mpi_dynamic,10000,10000,4,375.382,64740.6,65116
=== FIN TAREA ARRAY ID: 3 ===
[INFO] Each process pre-generates its chunk, then master gathers...mpi_dynamic,10000,10000,4,349.439,64662.5,65011.9
[INFO] Each process pre-generates its chunk, then master gathers...mpi_dynamic,10000,10000,4,349.585,64659.7,65009.3
=== FIN TAREA ARRAY ID: 4 ===
=== FIN TAREA ARRAY ID: 5 ===
